<?xml version="1.0" encoding="UTF-8"?>
<!-- Generated by org.testng.reporters.JUnitXMLReporter -->
<testsuite hostname="btm-fac6-PC" ignored="2" name="TestChrome" tests="1" failures="0" timestamp="12 Oct 2017 15:56:58 GMT" time="8.133" errors="0">
  <testcase name="testValidLogin" time="1.81" classname="script.ValidLogin"/>
  <testcase name="testInvalidLogin" time="0.0" classname="script.InvalidLogin">
    <ignored/>
  </testcase> <!-- testInvalidLogin -->
  <testcase name="testProductVersion" time="0.0" classname="script.VerifyProductVersion">
    <ignored/>
  </testcase> <!-- testProductVersion -->
</testsuite> <!-- TestChrome -->
