<?xml version="1.0" encoding="UTF-8"?>
<!-- Generated by org.testng.reporters.JUnitXMLReporter -->
<testsuite hostname="btm-fac6-PC" ignored="0" name="Test" tests="3" failures="0" timestamp="12 Oct 2017 15:50:45 GMT" time="35.091" errors="0">
  <testcase name="testValidLogin" time="1.824" classname="script.ValidLogin"/>
  <testcase name="testInvalidLogin" time="7.966" classname="script.InvalidLogin"/>
  <testcase name="testProductVersion" time="8.205" classname="script.VerifyProductVersion"/>
</testsuite> <!-- Test -->
