<?xml version="1.0" encoding="UTF-8"?>
<testng-results skipped="0" failed="0" ignored="0" total="1" passed="1">
  <reporter-output>
    <line>
      <![CDATA[Title is matching]]>
    </line>
  </reporter-output>
  <suite name="Suite" duration-ms="19491" started-at="2017-10-11T16:45:34Z" finished-at="2017-10-11T16:45:53Z">
    <groups>
      <group name="smoke">
        <method signature="ValidLogin.testValidLogin()[pri:1, instance:script.ValidLogin@457e2f02]" name="testValidLogin" class="script.ValidLogin"/>
      </group> <!-- smoke -->
      <group name="login">
        <method signature="ValidLogin.testValidLogin()[pri:1, instance:script.ValidLogin@457e2f02]" name="testValidLogin" class="script.ValidLogin"/>
      </group> <!-- login -->
    </groups>
    <test name="Test" duration-ms="19491" started-at="2017-10-11T16:45:34Z" finished-at="2017-10-11T16:45:53Z">
      <class name="script.ValidLogin">
        <test-method status="PASS" signature="openApplication()[pri:0, instance:script.ValidLogin@457e2f02]" name="openApplication" is-config="true" duration-ms="11661" started-at="2017-10-11T09:45:34Z" finished-at="2017-10-11T09:45:45Z">
          <reporter-output>
          </reporter-output>
        </test-method> <!-- openApplication -->
        <test-method status="PASS" signature="testValidLogin()[pri:1, instance:script.ValidLogin@457e2f02]" name="testValidLogin" duration-ms="6719" started-at="2017-10-11T09:45:45Z" finished-at="2017-10-11T09:45:52Z">
          <reporter-output>
            <line>
              <![CDATA[Title is matching]]>
            </line>
          </reporter-output>
        </test-method> <!-- testValidLogin -->
        <test-method status="PASS" signature="closeApplication()[pri:0, instance:script.ValidLogin@457e2f02]" name="closeApplication" is-config="true" duration-ms="1091" started-at="2017-10-11T09:45:52Z" finished-at="2017-10-11T09:45:53Z">
          <reporter-output>
          </reporter-output>
        </test-method> <!-- closeApplication -->
      </class> <!-- script.ValidLogin -->
    </test> <!-- Test -->
  </suite> <!-- Suite -->
</testng-results>
